# JRE version: OpenJDK Runtime Environment Temurin-21.0.8+9 (21.0.8+9) (build 21.0.8+9-LTS)
# Java VM: OpenJDK 64-Bit Server VM Temurin-21.0.8+9 (21.0.8+9-LTS, mixed mode, sharing, tiered, compressed oops, compressed class ptrs, parallel gc, windows-amd64)
GC Precious Log:
 CardTable entry size: 512
 CPUs: 8 total, 8 available
 Memory: 14222M
 Large Page Support: Disabled
 NUMA Support: Disabled
 Compressed Oops: Enabled (32-bit)
 Alignments: Space 512K, Generation 512K, Heap 2M
 Heap Min Capacity: 100M
 Heap Initial Capacity: 100M
 Heap Max Capacity: 2G
 Pre-touch: Disabled
 Parallel Workers: 8
Heap:
 PSYoungGen      total 2560K, used 1802K [0x00000000d5580000, 0x00000000d5980000, 0x0000000100000000)
  eden space 2048K, 78% used [0x00000000d5580000,0x00000000d57128b0,0x00000000d5780000)
  from space 512K, 37% used [0x00000000d5880000,0x00000000d58b0000,0x00000000d5900000)
  to   space 512K, 0% used [0x00000000d5900000,0x00000000d5900000,0x00000000d5980000)
 ParOldGen       total 589312K, used 149395K [0x0000000080000000, 0x00000000a3f80000, 0x00000000d5580000)
  object space 589312K, 25% used [0x0000000080000000,0x00000000891e4e20,0x00000000a3f80000)
 Metaspace       used 75086K, committed 76672K, reserved 1179648K
  class space    used 7591K, committed 8320K, reserved 1048576K
GC Heap History (20 events):
Event: 287261.513 GC heap before
{Heap before GC invocations=678 (full 4):
 PSYoungGen      total 2048K, used 2048K [0x00000000d5580000, 0x00000000d5900000, 0x0000000100000000)
  eden space 1536K, 100% used [0x00000000d5580000,0x00000000d5700000,0x00000000d5700000)
  from space 512K, 100% used [0x00000000d5780000,0x00000000d5800000,0x00000000d5800000)
  to   space 1024K, 0% used [0x00000000d5800000,0x00000000d5800000,0x00000000d5900000)
 ParOldGen       total 589312K, used 146095K [0x0000000080000000, 0x00000000a3f80000, 0x00000000d5580000)
  object space 589312K, 24% used [0x0000000080000000,0x0000000088eabf50,0x00000000a3f80000)
 Metaspace       used 75023K, committed 76608K, reserved 1179648K
  class space    used 7589K, committed 8320K, reserved 1048576K
}
Event: 287261.517 GC heap after
{Heap after GC invocations=678 (full 4):
 PSYoungGen      total 2560K, used 608K [0x00000000d5580000, 0x00000000d5900000, 0x0000000100000000)
  eden space 1536K, 0% used [0x00000000d5580000,0x00000000d5580000,0x00000000d5700000)
  from space 1024K, 59% used [0x00000000d5800000,0x00000000d5898000,0x00000000d5900000)
  to   space 1024K, 0% used [0x00000000d5700000,0x00000000d5700000,0x00000000d5800000)
 ParOldGen       total 589312K, used 146523K [0x0000000080000000, 0x00000000a3f80000, 0x00000000d5580000)
  object space 589312K, 24% used [0x0000000080000000,0x0000000088f16f60,0x00000000a3f80000)
 Metaspace       used 75023K, committed 76608K, reserved 1179648K
  class space    used 7589K, committed 8320K, reserved 1048576K
}
Event: 287261.526 GC heap before
{Heap before GC invocations=679 (full 4):
 PSYoungGen      total 2560K, used 2144K [0x00000000d5580000, 0x00000000d5900000, 0x0000000100000000)
  eden space 1536K, 100% used [0x00000000d5580000,0x00000000d5700000,0x00000000d5700000)
  from space 1024K, 59% used [0x00000000d5800000,0x00000000d5898000,0x00000000d5900000)
  to   space 1024K, 0% used [0x00000000d5700000,0x00000000d5700000,0x00000000d5800000)
 ParOldGen       total 589312K, used 146523K [0x0000000080000000, 0x00000000a3f80000, 0x00000000d5580000)
  object space 589312K, 24% used [0x0000000080000000,0x0000000088f16f60,0x00000000a3f80000)
 Metaspace       used 75023K, committed 76608K, reserved 1179648K
  class space    used 7589K, committed 8320K, reserved 1048576K
}
Event: 287261.529 GC heap after
{Heap after GC invocations=679 (full 4):
 PSYoungGen      total 2560K, used 432K [0x00000000d5580000, 0x00000000d5880000, 0x0000000100000000)
  eden space 1536K, 0% used [0x00000000d5580000,0x00000000d5580000,0x00000000d5700000)
  from space 1024K, 42% used [0x00000000d5700000,0x00000000d576c010,0x00000000d5800000)
  to   space 512K, 0% used [0x00000000d5800000,0x00000000d5800000,0x00000000d5880000)
 ParOldGen       total 589312K, used 146891K [0x0000000080000000, 0x00000000a3f80000, 0x00000000d5580000)
  object space 589312K, 24% used [0x0000000080000000,0x0000000088f72f60,0x00000000a3f80000)
 Metaspace       used 75023K, committed 76608K, reserved 1179648K
  class space    used 7589K, committed 8320K, reserved 1048576K
}
Event: 287261.536 GC heap before
{Heap before GC invocations=680 (full 4):
 PSYoungGen      total 2560K, used 1968K [0x00000000d5580000, 0x00000000d5880000, 0x0000000100000000)
  eden space 1536K, 100% used [0x00000000d5580000,0x00000000d5700000,0x00000000d5700000)
  from space 1024K, 42% used [0x00000000d5700000,0x00000000d576c010,0x00000000d5800000)
  to   space 512K, 0% used [0x00000000d5800000,0x00000000d5800000,0x00000000d5880000)
 ParOldGen       total 589312K, used 146891K [0x0000000080000000, 0x00000000a3f80000, 0x00000000d5580000)
  object space 589312K, 24% used [0x0000000080000000,0x0000000088f72f60,0x00000000a3f80000)
 Metaspace       used 75023K, committed 76608K, reserved 1179648K
  class space    used 7589K, committed 8320K, reserved 1048576K
}
Event: 287261.538 GC heap after
{Heap after GC invocations=680 (full 4):
 PSYoungGen      total 2560K, used 496K [0x00000000d5580000, 0x00000000d5880000, 0x0000000100000000)
  eden space 2048K, 0% used [0x00000000d5580000,0x00000000d5580000,0x00000000d5780000)
  from space 512K, 96% used [0x00000000d5800000,0x00000000d587c010,0x00000000d5880000)
  to   space 512K, 0% used [0x00000000d5780000,0x00000000d5780000,0x00000000d5800000)
 ParOldGen       total 589312K, used 147053K [0x0000000080000000, 0x00000000a3f80000, 0x00000000d5580000)
  object space 589312K, 24% used [0x0000000080000000,0x0000000088f9b4b0,0x00000000a3f80000)
 Metaspace       used 75023K, committed 76608K, reserved 1179648K
  class space    used 7589K, committed 8320K, reserved 1048576K
}
Event: 287261.550 GC heap before
{Heap before GC invocations=681 (full 4):
 PSYoungGen      total 2560K, used 2544K [0x00000000d5580000, 0x00000000d5880000, 0x0000000100000000)
  eden space 2048K, 100% used [0x00000000d5580000,0x00000000d5780000,0x00000000d5780000)
  from space 512K, 96% used [0x00000000d5800000,0x00000000d587c010,0x00000000d5880000)
  to   space 512K, 0% used [0x00000000d5780000,0x00000000d5780000,0x00000000d5800000)
 ParOldGen       total 589312K, used 147053K [0x0000000080000000, 0x00000000a3f80000, 0x00000000d5580000)
  object space 589312K, 24% used [0x0000000080000000,0x0000000088f9b4b0,0x00000000a3f80000)
 Metaspace       used 75025K, committed 76608K, reserved 1179648K
  class space    used 7589K, committed 8320K, reserved 1048576K
}
Event: 287261.553 GC heap after
{Heap after GC invocations=681 (full 4):
 PSYoungGen      total 2560K, used 512K [0x00000000d5580000, 0x00000000d5b00000, 0x0000000100000000)
  eden space 2048K, 0% used [0x00000000d5580000,0x00000000d5580000,0x00000000d5780000)
  from space 512K, 100% used [0x00000000d5780000,0x00000000d5800000,0x00000000d5800000)
  to   space 1536K, 0% used [0x00000000d5980000,0x00000000d5980000,0x00000000d5b00000)
 ParOldGen       total 589312K, used 147550K [0x0000000080000000, 0x00000000a3f80000, 0x00000000d5580000)
  object space 589312K, 25% used [0x0000000080000000,0x0000000089017950,0x00000000a3f80000)
 Metaspace       used 75025K, committed 76608K, reserved 1179648K
  class space    used 7589K, committed 8320K, reserved 1048576K
}
Event: 287261.571 GC heap before
{Heap before GC invocations=682 (full 4):
 PSYoungGen      total 2560K, used 2560K [0x00000000d5580000, 0x00000000d5b00000, 0x0000000100000000)
  eden space 2048K, 100% used [0x00000000d5580000,0x00000000d5780000,0x00000000d5780000)
  from space 512K, 100% used [0x00000000d5780000,0x00000000d5800000,0x00000000d5800000)
  to   space 1536K, 0% used [0x00000000d5980000,0x00000000d5980000,0x00000000d5b00000)
 ParOldGen       total 589312K, used 147550K [0x0000000080000000, 0x00000000a3f80000, 0x00000000d5580000)
  object space 589312K, 25% used [0x0000000080000000,0x0000000089017950,0x00000000a3f80000)
 Metaspace       used 75041K, committed 76672K, reserved 1179648K
  class space    used 7589K, committed 8320K, reserved 1048576K
}
Event: 287261.574 GC heap after
{Heap after GC invocations=682 (full 4):
 PSYoungGen      total 3072K, used 688K [0x00000000d5580000, 0x00000000d5a80000, 0x0000000100000000)
  eden space 2048K, 0% used [0x00000000d5580000,0x00000000d5580000,0x00000000d5780000)
  from space 1024K, 67% used [0x00000000d5980000,0x00000000d5a2c010,0x00000000d5a80000)
  to   space 1024K, 0% used [0x00000000d5880000,0x00000000d5880000,0x00000000d5980000)
 ParOldGen       total 589312K, used 148066K [0x0000000080000000, 0x00000000a3f80000, 0x00000000d5580000)
  object space 589312K, 25% used [0x0000000080000000,0x0000000089098960,0x00000000a3f80000)
 Metaspace       used 75041K, committed 76672K, reserved 1179648K
  class space    used 7589K, committed 8320K, reserved 1048576K
}
Event: 287261.599 GC heap before
{Heap before GC invocations=683 (full 4):
 PSYoungGen      total 3072K, used 2736K [0x00000000d5580000, 0x00000000d5a80000, 0x0000000100000000)
  eden space 2048K, 100% used [0x00000000d5580000,0x00000000d5780000,0x00000000d5780000)
  from space 1024K, 67% used [0x00000000d5980000,0x00000000d5a2c010,0x00000000d5a80000)
  to   space 1024K, 0% used [0x00000000d5880000,0x00000000d5880000,0x00000000d5980000)
 ParOldGen       total 589312K, used 148066K [0x0000000080000000, 0x00000000a3f80000, 0x00000000d5580000)
  object space 589312K, 25% used [0x0000000080000000,0x0000000089098960,0x00000000a3f80000)
 Metaspace       used 75041K, committed 76672K, reserved 1179648K
  class space    used 7589K, committed 8320K, reserved 1048576K
}
Event: 287261.600 GC heap after
{Heap after GC invocations=683 (full 4):
 PSYoungGen      total 3072K, used 288K [0x00000000d5580000, 0x00000000d5a00000, 0x0000000100000000)
  eden space 2048K, 0% used [0x00000000d5580000,0x00000000d5580000,0x00000000d5780000)
  from space 1024K, 28% used [0x00000000d5880000,0x00000000d58c8000,0x00000000d5980000)
  to   space 512K, 0% used [0x00000000d5980000,0x00000000d5980000,0x00000000d5a00000)
 ParOldGen       total 589312K, used 148214K [0x0000000080000000, 0x00000000a3f80000, 0x00000000d5580000)
  object space 589312K, 25% used [0x0000000080000000,0x00000000890bdbe0,0x00000000a3f80000)
 Metaspace       used 75041K, committed 76672K, reserved 1179648K
  class space    used 7589K, committed 8320K, reserved 1048576K
}
Event: 287261.621 GC heap before
{Heap before GC invocations=684 (full 4):
 PSYoungGen      total 3072K, used 2335K [0x00000000d5580000, 0x00000000d5a00000, 0x0000000100000000)
  eden space 2048K, 99% used [0x00000000d5580000,0x00000000d577ffd8,0x00000000d5780000)
  from space 1024K, 28% used [0x00000000d5880000,0x00000000d58c8000,0x00000000d5980000)
  to   space 512K, 0% used [0x00000000d5980000,0x00000000d5980000,0x00000000d5a00000)
 ParOldGen       total 589312K, used 148214K [0x0000000080000000, 0x00000000a3f80000, 0x00000000d5580000)
  object space 589312K, 25% used [0x0000000080000000,0x00000000890bdbe0,0x00000000a3f80000)
 Metaspace       used 75042K, committed 76672K, reserved 1179648K
  class space    used 7589K, committed 8320K, reserved 1048576K
}
Event: 287261.625 GC heap after
{Heap after GC invocations=684 (full 4):
 PSYoungGen      total 2560K, used 496K [0x00000000d5580000, 0x00000000d5a80000, 0x0000000100000000)
  eden space 2048K, 0% used [0x00000000d5580000,0x00000000d5580000,0x00000000d5780000)
  from space 512K, 96% used [0x00000000d5980000,0x00000000d59fc010,0x00000000d5a00000)
  to   space 1536K, 0% used [0x00000000d5780000,0x00000000d5780000,0x00000000d5900000)
 ParOldGen       total 589312K, used 148707K [0x0000000080000000, 0x00000000a3f80000, 0x00000000d5580000)
  object space 589312K, 25% used [0x0000000080000000,0x0000000089138e10,0x00000000a3f80000)
 Metaspace       used 75042K, committed 76672K, reserved 1179648K
  class space    used 7589K, committed 8320K, reserved 1048576K
}
Event: 287272.097 GC heap before
{Heap before GC invocations=685 (full 4):
 PSYoungGen      total 2560K, used 2544K [0x00000000d5580000, 0x00000000d5a80000, 0x0000000100000000)
  eden space 2048K, 100% used [0x00000000d5580000,0x00000000d5780000,0x00000000d5780000)
  from space 512K, 96% used [0x00000000d5980000,0x00000000d59fc010,0x00000000d5a00000)
  to   space 1536K, 0% used [0x00000000d5780000,0x00000000d5780000,0x00000000d5900000)
 ParOldGen       total 589312K, used 148707K [0x0000000080000000, 0x00000000a3f80000, 0x00000000d5580000)
  object space 589312K, 25% used [0x0000000080000000,0x0000000089138e10,0x00000000a3f80000)
 Metaspace       used 75051K, committed 76672K, reserved 1179648K
  class space    used 7589K, committed 8320K, reserved 1048576K
}
Event: 287272.102 GC heap after
{Heap after GC invocations=685 (full 4):
 PSYoungGen      total 3584K, used 352K [0x00000000d5580000, 0x00000000d5a00000, 0x0000000100000000)
  eden space 2048K, 0% used [0x00000000d5580000,0x00000000d5580000,0x00000000d5780000)
  from space 1536K, 22% used [0x00000000d5780000,0x00000000d57d8000,0x00000000d5900000)
  to   space 1024K, 0% used [0x00000000d5900000,0x00000000d5900000,0x00000000d5a00000)
 ParOldGen       total 589312K, used 149259K [0x0000000080000000, 0x00000000a3f80000, 0x00000000d5580000)
  object space 589312K, 25% used [0x0000000080000000,0x00000000891c2e20,0x00000000a3f80000)
 Metaspace       used 75051K, committed 76672K, reserved 1179648K
  class space    used 7589K, committed 8320K, reserved 1048576K
}
Event: 287273.978 GC heap before
{Heap before GC invocations=686 (full 4):
 PSYoungGen      total 3584K, used 2400K [0x00000000d5580000, 0x00000000d5a00000, 0x0000000100000000)
  eden space 2048K, 100% used [0x00000000d5580000,0x00000000d5780000,0x00000000d5780000)
  from space 1536K, 22% used [0x00000000d5780000,0x00000000d57d8000,0x00000000d5900000)
  to   space 1024K, 0% used [0x00000000d5900000,0x00000000d5900000,0x00000000d5a00000)
 ParOldGen       total 589312K, used 149259K [0x0000000080000000, 0x00000000a3f80000, 0x00000000d5580000)
  object space 589312K, 25% used [0x0000000080000000,0x00000000891c2e20,0x00000000a3f80000)
 Metaspace       used 75062K, committed 76672K, reserved 1179648K
  class space    used 7591K, committed 8320K, reserved 1048576K
}
Event: 287273.980 GC heap after
{Heap after GC invocations=686 (full 4):
 PSYoungGen      total 2560K, used 192K [0x00000000d5580000, 0x00000000d5980000, 0x0000000100000000)
  eden space 2048K, 0% used [0x00000000d5580000,0x00000000d5580000,0x00000000d5780000)
  from space 512K, 37% used [0x00000000d5900000,0x00000000d5930000,0x00000000d5980000)
  to   space 512K, 0% used [0x00000000d5880000,0x00000000d5880000,0x00000000d5900000)
 ParOldGen       total 589312K, used 149363K [0x0000000080000000, 0x00000000a3f80000, 0x00000000d5580000)
  object space 589312K, 25% used [0x0000000080000000,0x00000000891dce20,0x00000000a3f80000)
 Metaspace       used 75062K, committed 76672K, reserved 1179648K
  class space    used 7591K, committed 8320K, reserved 1048576K
}
Event: 339734.439 GC heap before
{Heap before GC invocations=687 (full 4):
 PSYoungGen      total 2560K, used 2239K [0x00000000d5580000, 0x00000000d5980000, 0x0000000100000000)
  eden space 2048K, 99% used [0x00000000d5580000,0x00000000d577ffe8,0x00000000d5780000)
  from space 512K, 37% used [0x00000000d5900000,0x00000000d5930000,0x00000000d5980000)
  to   space 512K, 0% used [0x00000000d5880000,0x00000000d5880000,0x00000000d5900000)
 ParOldGen       total 589312K, used 149363K [0x0000000080000000, 0x00000000a3f80000, 0x00000000d5580000)
  object space 589312K, 25% used [0x0000000080000000,0x00000000891dce20,0x00000000a3f80000)
 Metaspace       used 75067K, committed 76672K, reserved 1179648K
  class space    used 7591K, committed 8320K, reserved 1048576K
}
Event: 339734.652 GC heap after
{Heap after GC invocations=687 (full 4):
 PSYoungGen      total 2560K, used 192K [0x00000000d5580000, 0x00000000d5980000, 0x0000000100000000)
  eden space 2048K, 0% used [0x00000000d5580000,0x00000000d5580000,0x00000000d5780000)
  from space 512K, 37% used [0x00000000d5880000,0x00000000d58b0000,0x00000000d5900000)
  to   space 512K, 0% used [0x00000000d5900000,0x00000000d5900000,0x00000000d5980000)
 ParOldGen       total 589312K, used 149395K [0x0000000080000000, 0x00000000a3f80000, 0x00000000d5580000)
  object space 589312K, 25% used [0x0000000080000000,0x00000000891e4e20,0x00000000a3f80000)
 Metaspace       used 75067K, committed 76672K, reserved 1179648K
  class space    used 7591K, committed 8320K, reserved 1048576K
}

